# JRE version: Java(TM) SE Runtime Environment (17.0.5+9) (build 17.0.5+9-LTS-191)
# Java VM: Java HotSpot(TM) 64-Bit Server VM (17.0.5+9-LTS-191, mixed mode, emulated-client, sharing, tiered, compressed oops, compressed class ptrs, g1 gc, windows-amd64)
GC Precious Log:
 CPUs: 6 total, 6 available
 Memory: 8064M
 Large Page Support: Disabled
 NUMA Support: Disabled
 Compressed Oops: Enabled (32-bit)
 Heap Region Size: 1M
 Heap Min Capacity: 8M
 Heap Initial Capacity: 128M
 Heap Max Capacity: 2018M
 Pre-touch: Disabled
 Parallel Workers: 6
 Concurrent Workers: 2
 Concurrent Refinement Workers: 6
 Periodic GC: Disabled
Heap:
 garbage-first heap   total 75776K, used 53723K [0x0000000081e00000, 0x0000000100000000)
  region size 1024K, 30 young (30720K), 3 survivors (3072K)
 Metaspace       used 62614K, committed 63232K, reserved 1105920K
  class space    used 8947K, committed 9216K, reserved 1048576K
GC Heap History (20 events):
Event: 2.291 GC heap before
{Heap before GC invocations=5 (full 0):
 garbage-first heap   total 55296K, used 40449K [0x0000000081e00000, 0x0000000100000000)
  region size 1024K, 32 young (32768K), 6 survivors (6144K)
 Metaspace       used 24784K, committed 25216K, reserved 1073152K
  class space    used 3449K, committed 3648K, reserved 1048576K
}
Event: 2.297 GC heap after
{Heap after GC invocations=6 (full 0):
 garbage-first heap   total 55296K, used 16291K [0x0000000081e00000, 0x0000000100000000)
  region size 1024K, 4 young (4096K), 4 survivors (4096K)
 Metaspace       used 24784K, committed 25216K, reserved 1073152K
  class space    used 3449K, committed 3648K, reserved 1048576K
}
Event: 2.315 GC heap before
{Heap before GC invocations=6 (full 0):
 garbage-first heap   total 55296K, used 16291K [0x0000000081e00000, 0x0000000100000000)
  region size 1024K, 5 young (5120K), 4 survivors (4096K)
 Metaspace       used 25026K, committed 25408K, reserved 1073152K
  class space    used 3472K, committed 3648K, reserved 1048576K
}
Event: 2.319 GC heap after
{Heap after GC invocations=7 (full 0):
 garbage-first heap   total 55296K, used 16597K [0x0000000081e00000, 0x0000000100000000)
  region size 1024K, 1 young (1024K), 1 survivors (1024K)
 Metaspace       used 25026K, committed 25408K, reserved 1073152K
  class space    used 3472K, committed 3648K, reserved 1048576K
}
Event: 2.600 GC heap before
{Heap before GC invocations=7 (full 0):
 garbage-first heap   total 55296K, used 38101K [0x0000000081e00000, 0x0000000100000000)
  region size 1024K, 22 young (22528K), 1 survivors (1024K)
 Metaspace       used 27845K, committed 28224K, reserved 1073152K
  class space    used 3865K, committed 4032K, reserved 1048576K
}
Event: 2.603 GC heap after
{Heap after GC invocations=8 (full 0):
 garbage-first heap   total 87040K, used 17862K [0x0000000081e00000, 0x0000000100000000)
  region size 1024K, 2 young (2048K), 2 survivors (2048K)
 Metaspace       used 27845K, committed 28224K, reserved 1073152K
  class space    used 3865K, committed 4032K, reserved 1048576K
}
Event: 3.167 GC heap before
{Heap before GC invocations=8 (full 0):
 garbage-first heap   total 87040K, used 51654K [0x0000000081e00000, 0x0000000100000000)
  region size 1024K, 36 young (36864K), 2 survivors (2048K)
 Metaspace       used 35459K, committed 35968K, reserved 1081344K
  class space    used 4986K, committed 5248K, reserved 1048576K
}
Event: 3.171 GC heap after
{Heap after GC invocations=9 (full 0):
 garbage-first heap   total 87040K, used 19901K [0x0000000081e00000, 0x0000000100000000)
  region size 1024K, 4 young (4096K), 4 survivors (4096K)
 Metaspace       used 35459K, committed 35968K, reserved 1081344K
  class space    used 4986K, committed 5248K, reserved 1048576K
}
Event: 3.896 GC heap before
{Heap before GC invocations=10 (full 0):
 garbage-first heap   total 75776K, used 60861K [0x0000000081e00000, 0x0000000100000000)
  region size 1024K, 44 young (45056K), 4 survivors (4096K)
 Metaspace       used 49662K, committed 50176K, reserved 1097728K
  class space    used 6914K, committed 7168K, reserved 1048576K
}
Event: 3.902 GC heap after
{Heap after GC invocations=11 (full 0):
 garbage-first heap   total 75776K, used 22835K [0x0000000081e00000, 0x0000000100000000)
  region size 1024K, 5 young (5120K), 5 survivors (5120K)
 Metaspace       used 49662K, committed 50176K, reserved 1097728K
  class space    used 6914K, committed 7168K, reserved 1048576K
}
Event: 4.462 GC heap before
{Heap before GC invocations=12 (full 0):
 garbage-first heap   total 75776K, used 57651K [0x0000000081e00000, 0x0000000100000000)
  region size 1024K, 39 young (39936K), 5 survivors (5120K)
 Metaspace       used 56395K, committed 57024K, reserved 1105920K
  class space    used 8023K, committed 8320K, reserved 1048576K
}
Event: 4.469 GC heap after
{Heap after GC invocations=13 (full 0):
 garbage-first heap   total 75776K, used 25018K [0x0000000081e00000, 0x0000000100000000)
  region size 1024K, 3 young (3072K), 3 survivors (3072K)
 Metaspace       used 56395K, committed 57024K, reserved 1105920K
  class space    used 8023K, committed 8320K, reserved 1048576K
}
Event: 4.737 GC heap before
{Heap before GC invocations=13 (full 0):
 garbage-first heap   total 75776K, used 57786K [0x0000000081e00000, 0x0000000100000000)
  region size 1024K, 35 young (35840K), 3 survivors (3072K)
 Metaspace       used 59212K, committed 59712K, reserved 1105920K
  class space    used 8450K, committed 8704K, reserved 1048576K
}
Event: 4.741 GC heap after
{Heap after GC invocations=14 (full 0):
 garbage-first heap   total 75776K, used 26278K [0x0000000081e00000, 0x0000000100000000)
  region size 1024K, 4 young (4096K), 4 survivors (4096K)
 Metaspace       used 59212K, committed 59712K, reserved 1105920K
  class space    used 8450K, committed 8704K, reserved 1048576K
}
Event: 5.112 GC heap before
{Heap before GC invocations=14 (full 0):
 garbage-first heap   total 75776K, used 59046K [0x0000000081e00000, 0x0000000100000000)
  region size 1024K, 36 young (36864K), 4 survivors (4096K)
 Metaspace       used 62210K, committed 62784K, reserved 1105920K
  class space    used 8875K, committed 9152K, reserved 1048576K
}
Event: 5.117 GC heap after
{Heap after GC invocations=15 (full 0):
 garbage-first heap   total 75776K, used 29091K [0x0000000081e00000, 0x0000000100000000)
  region size 1024K, 5 young (5120K), 5 survivors (5120K)
 Metaspace       used 62210K, committed 62784K, reserved 1105920K
  class space    used 8875K, committed 9152K, reserved 1048576K
}
Event: 15.716 GC heap before
{Heap before GC invocations=15 (full 0):
 garbage-first heap   total 75776K, used 32163K [0x0000000081e00000, 0x0000000100000000)
  region size 1024K, 9 young (9216K), 5 survivors (5120K)
 Metaspace       used 62483K, committed 63104K, reserved 1105920K
  class space    used 8933K, committed 9216K, reserved 1048576K
}
Event: 15.764 GC heap after
{Heap after GC invocations=16 (full 1):
 garbage-first heap   total 75776K, used 24148K [0x0000000081e00000, 0x0000000100000000)
  region size 1024K, 0 young (0K), 0 survivors (0K)
 Metaspace       used 62483K, committed 63104K, reserved 1105920K
  class space    used 8933K, committed 9216K, reserved 1048576K
}
Event: 16.096 GC heap before
{Heap before GC invocations=16 (full 1):
 garbage-first heap   total 75776K, used 56916K [0x0000000081e00000, 0x0000000100000000)
  region size 1024K, 32 young (32768K), 0 survivors (0K)
 Metaspace       used 62489K, committed 63104K, reserved 1105920K
  class space    used 8936K, committed 9216K, reserved 1048576K
}
Event: 16.098 GC heap after
{Heap after GC invocations=17 (full 1):
 garbage-first heap   total 75776K, used 27099K [0x0000000081e00000, 0x0000000100000000)
  region size 1024K, 3 young (3072K), 3 survivors (3072K)
 Metaspace       used 62489K, committed 63104K, reserved 1105920K
  class space    used 8936K, committed 9216K, reserved 1048576K
}

