# JRE version: Java(TM) SE Runtime Environment (17.0.5+9) (build 17.0.5+9-LTS-191)
# Java VM: Java HotSpot(TM) 64-Bit Server VM (17.0.5+9-LTS-191, mixed mode, emulated-client, sharing, tiered, compressed oops, compressed class ptrs, g1 gc, windows-amd64)
GC Precious Log:
 CPUs: 6 total, 6 available
 Memory: 8064M
 Large Page Support: Disabled
 NUMA Support: Disabled
 Compressed Oops: Enabled (32-bit)
 Heap Region Size: 1M
 Heap Min Capacity: 8M
 Heap Initial Capacity: 128M
 Heap Max Capacity: 2018M
 Pre-touch: Disabled
 Parallel Workers: 6
 Concurrent Workers: 2
 Concurrent Refinement Workers: 6
 Periodic GC: Disabled
Heap:
 garbage-first heap   total 51200K, used 37966K [0x0000000081e00000, 0x0000000100000000)
  region size 1024K, 18 young (18432K), 1 survivors (1024K)
 Metaspace       used 47663K, committed 48192K, reserved 1097728K
  class space    used 6559K, committed 6848K, reserved 1048576K
GC Heap History (20 events):
Event: 1.285 GC heap before
{Heap before GC invocations=1 (full 0):
 garbage-first heap   total 131072K, used 26736K [0x0000000081e00000, 0x0000000100000000)
  region size 1024K, 23 young (23552K), 3 survivors (3072K)
 Metaspace       used 10762K, committed 11072K, reserved 1064960K
  class space    used 1471K, committed 1600K, reserved 1048576K
}
Event: 1.289 GC heap after
{Heap after GC invocations=2 (full 0):
 garbage-first heap   total 131072K, used 8653K [0x0000000081e00000, 0x0000000100000000)
  region size 1024K, 2 young (2048K), 2 survivors (2048K)
 Metaspace       used 10762K, committed 11072K, reserved 1064960K
  class space    used 1471K, committed 1600K, reserved 1048576K
}
Event: 1.951 GC heap before
{Heap before GC invocations=2 (full 0):
 garbage-first heap   total 131072K, used 53709K [0x0000000081e00000, 0x0000000100000000)
  region size 1024K, 47 young (48128K), 2 survivors (2048K)
 Metaspace       used 19469K, committed 19776K, reserved 1073152K
  class space    used 2613K, committed 2816K, reserved 1048576K
}
Event: 1.957 GC heap after
{Heap after GC invocations=3 (full 0):
 garbage-first heap   total 131072K, used 12678K [0x0000000081e00000, 0x0000000100000000)
  region size 1024K, 6 young (6144K), 6 survivors (6144K)
 Metaspace       used 19469K, committed 19776K, reserved 1073152K
  class space    used 2613K, committed 2816K, reserved 1048576K
}
Event: 2.307 GC heap before
{Heap before GC invocations=3 (full 0):
 garbage-first heap   total 131072K, used 32134K [0x0000000081e00000, 0x0000000100000000)
  region size 1024K, 26 young (26624K), 6 survivors (6144K)
 Metaspace       used 21145K, committed 21504K, reserved 1073152K
  class space    used 2859K, committed 3008K, reserved 1048576K
}
Event: 2.313 GC heap after
{Heap after GC invocations=4 (full 0):
 garbage-first heap   total 131072K, used 13533K [0x0000000081e00000, 0x0000000100000000)
  region size 1024K, 5 young (5120K), 5 survivors (5120K)
 Metaspace       used 21145K, committed 21504K, reserved 1073152K
  class space    used 2859K, committed 3008K, reserved 1048576K
}
Event: 3.015 GC heap before
{Heap before GC invocations=5 (full 0):
 garbage-first heap   total 51200K, used 38109K [0x0000000081e00000, 0x0000000100000000)
  region size 1024K, 30 young (30720K), 5 survivors (5120K)
 Metaspace       used 24278K, committed 24704K, reserved 1073152K
  class space    used 3374K, committed 3584K, reserved 1048576K
}
Event: 3.021 GC heap after
{Heap after GC invocations=6 (full 0):
 garbage-first heap   total 51200K, used 15907K [0x0000000081e00000, 0x0000000100000000)
  region size 1024K, 4 young (4096K), 4 survivors (4096K)
 Metaspace       used 24278K, committed 24704K, reserved 1073152K
  class space    used 3374K, committed 3584K, reserved 1048576K
}
Event: 3.042 GC heap before
{Heap before GC invocations=6 (full 0):
 garbage-first heap   total 51200K, used 16931K [0x0000000081e00000, 0x0000000100000000)
  region size 1024K, 5 young (5120K), 4 survivors (4096K)
 Metaspace       used 24503K, committed 24960K, reserved 1073152K
  class space    used 3420K, committed 3648K, reserved 1048576K
}
Event: 3.046 GC heap after
{Heap after GC invocations=7 (full 0):
 garbage-first heap   total 51200K, used 15946K [0x0000000081e00000, 0x0000000100000000)
  region size 1024K, 1 young (1024K), 1 survivors (1024K)
 Metaspace       used 24503K, committed 24960K, reserved 1073152K
  class space    used 3420K, committed 3648K, reserved 1048576K
}
Event: 3.334 GC heap before
{Heap before GC invocations=7 (full 0):
 garbage-first heap   total 51200K, used 35402K [0x0000000081e00000, 0x0000000100000000)
  region size 1024K, 21 young (21504K), 1 survivors (1024K)
 Metaspace       used 27521K, committed 28032K, reserved 1081344K
  class space    used 3815K, committed 4032K, reserved 1048576K
}
Event: 3.337 GC heap after
{Heap after GC invocations=8 (full 0):
 garbage-first heap   total 51200K, used 17332K [0x0000000081e00000, 0x0000000100000000)
  region size 1024K, 2 young (2048K), 2 survivors (2048K)
 Metaspace       used 27521K, committed 28032K, reserved 1081344K
  class space    used 3815K, committed 4032K, reserved 1048576K
}
Event: 3.701 GC heap before
{Heap before GC invocations=8 (full 0):
 garbage-first heap   total 51200K, used 37812K [0x0000000081e00000, 0x0000000100000000)
  region size 1024K, 22 young (22528K), 2 survivors (2048K)
 Metaspace       used 31183K, committed 31680K, reserved 1081344K
  class space    used 4341K, committed 4608K, reserved 1048576K
}
Event: 3.704 GC heap after
{Heap after GC invocations=9 (full 0):
 garbage-first heap   total 51200K, used 18307K [0x0000000081e00000, 0x0000000100000000)
  region size 1024K, 2 young (2048K), 2 survivors (2048K)
 Metaspace       used 31183K, committed 31680K, reserved 1081344K
  class space    used 4341K, committed 4608K, reserved 1048576K
}
Event: 4.013 GC heap before
{Heap before GC invocations=9 (full 0):
 garbage-first heap   total 51200K, used 34691K [0x0000000081e00000, 0x0000000100000000)
  region size 1024K, 19 young (19456K), 2 survivors (2048K)
 Metaspace       used 35479K, committed 35968K, reserved 1081344K
  class space    used 4986K, committed 5248K, reserved 1048576K
}
Event: 4.016 GC heap after
{Heap after GC invocations=10 (full 0):
 garbage-first heap   total 51200K, used 19488K [0x0000000081e00000, 0x0000000100000000)
  region size 1024K, 3 young (3072K), 3 survivors (3072K)
 Metaspace       used 35479K, committed 35968K, reserved 1081344K
  class space    used 4986K, committed 5248K, reserved 1048576K
}
Event: 5.006 GC heap before
{Heap before GC invocations=11 (full 0):
 garbage-first heap   total 51200K, used 38944K [0x0000000081e00000, 0x0000000100000000)
  region size 1024K, 22 young (22528K), 3 survivors (3072K)
 Metaspace       used 43504K, committed 43904K, reserved 1089536K
  class space    used 6026K, committed 6208K, reserved 1048576K
}
Event: 5.012 GC heap after
{Heap after GC invocations=12 (full 0):
 garbage-first heap   total 51200K, used 21296K [0x0000000081e00000, 0x0000000100000000)
  region size 1024K, 3 young (3072K), 3 survivors (3072K)
 Metaspace       used 43504K, committed 43904K, reserved 1089536K
  class space    used 6026K, committed 6208K, reserved 1048576K
}
Event: 5.031 GC heap before
{Heap before GC invocations=12 (full 0):
 garbage-first heap   total 51200K, used 21296K [0x0000000081e00000, 0x0000000100000000)
  region size 1024K, 4 young (4096K), 3 survivors (3072K)
 Metaspace       used 43650K, committed 44160K, reserved 1089536K
  class space    used 6059K, committed 6272K, reserved 1048576K
}
Event: 5.037 GC heap after
{Heap after GC invocations=13 (full 0):
 garbage-first heap   total 51200K, used 21582K [0x0000000081e00000, 0x0000000100000000)
  region size 1024K, 1 young (1024K), 1 survivors (1024K)
 Metaspace       used 43650K, committed 44160K, reserved 1089536K
  class space    used 6059K, committed 6272K, reserved 1048576K
}

